
ROM used:   982/8192 (12%)
            982/8192 (12%) including unused fragments

            1.3 Average locations per line
            40.9 Average locations per statement

RAM used:   22/368 (6%) at main() level
            44/368 (12%) worst case

Stack used: 1 worst case (1 in main + 0 for interrupts)
Stack size: 8

Lines Stmts  %   Files
----- ----- ---  -----
   62    24 100  sensor_ultrasonico_pwm.c
  684     0   0  ..\..\..\..\..\..\Program Files (x86)\PICC\Devices\16f877a.h
----- -----
  746    24 Total

Page ROM  %  RAM    Vol Diff  Functions:
---- --- --- ---    --- ----  ----------
0     23   2    1             @delay_ms1
0    263  27    4    669  4.6  main
0     31   3    2             @ITOF
0    202  21   14             @DIVFF
0    117  12   13             @MULFF
 Inline         5             @FTOSD
0     79   8   13             @DIV3232
0    230  23   13             @PRINTF_L32D_9600_62_63FPFPF
0     33   3    4             @SFTOI
 Inline         0             @cinit1

Program metrics:
    Functions               1
    Statements              24
    Comments                138
    Volume (V)              691
    Difficulty (D)          4.0
    Effort to implement (E) 2731
    Time to implement (T)   3 minutes
    Est Delivered Bugs (B)  0
    Cyclomatic Complexity   1
    Maintainability (MI)    55

 Segment     Used  Free
-----------  ----  ----
00000-00003     4  0  
00004-007FF   978  1066  
00800-00FFF     0  2048  
01000-017FF     0  2048  
01800-01FFF     0  2048  



